<?xml version="1.0" encoding="UTF-8"?>
<!-- Generated by org.testng.reporters.JUnitReportReporter -->
<testsuite hostname="shty-qc-wujj" name="so.sao.integration.basicData.Distributors" tests="4" failures="0" timestamp="13 Oct 2017 09:42:25 GMT" time="60.591" errors="0">
  <testcase name="newLeader" time="12.263" classname="so.sao.integration.basicData.Distributors"/>
  <testcase name="delLeader" time="3.299" classname="so.sao.integration.basicData.Distributors"/>
  <testcase name="loadin" time="37.482" classname="so.sao.integration.basicData.Distributors"/>
  <testcase name="alterLeader" time="7.547" classname="so.sao.integration.basicData.Distributors"/>
</testsuite> <!-- so.sao.integration.basicData.Distributors -->
