<?xml version="1.0" encoding="UTF-8"?>
<!-- Generated by org.testng.reporters.JUnitReportReporter -->
<testsuite hostname="shty-qc-wujj" name="so.sao.integration.basicData.Company" tests="2" failures="0" timestamp="10 Oct 2017 06:10:59 GMT" time="20.269" errors="0">
  <testcase name="newCompany" time="12.858" classname="so.sao.integration.basicData.Company"/>
  <testcase name="delCompany" time="7.411" classname="so.sao.integration.basicData.Company"/>
</testsuite> <!-- so.sao.integration.basicData.Company -->
