<?xml version="1.0" encoding="UTF-8"?>
<!-- Generated by org.testng.reporters.JUnitReportReporter -->
<testsuite hostname="shty-qc-wujj" name="so.sao.integration.basicData.Factories" tests="5" failures="0" timestamp="26 Oct 2017 08:18:13 GMT" time="48.066" errors="0">
  <testcase name="addFactory" time="14.607" classname="so.sao.integration.basicData.Factories"/>
  <testcase name="alterFactory" time="11.542" classname="so.sao.integration.basicData.Factories"/>
  <testcase name="searchFactory" time="4.837" classname="so.sao.integration.basicData.Factories"/>
  <testcase name="delFactory" time="4.290" classname="so.sao.integration.basicData.Factories"/>
  <testcase name="stopAndawakenFactory" time="12.790" classname="so.sao.integration.basicData.Factories"/>
</testsuite> <!-- so.sao.integration.basicData.Factories -->
