<?xml version="1.0" encoding="UTF-8"?>
<!-- Generated by org.testng.reporters.JUnitReportReporter -->
<testsuite hostname="shty-qc-wujj" name="so.sao.integration.basicData.DataDictionary" tests="2" failures="0" timestamp="26 Oct 2017 09:49:01 GMT" time="9.200" errors="0">
  <testcase name="newDataDictionary" time="5.976" classname="so.sao.integration.basicData.DataDictionary"/>
  <testcase name="delDataDictionary" time="3.224" classname="so.sao.integration.basicData.DataDictionary"/>
</testsuite> <!-- so.sao.integration.basicData.DataDictionary -->
