<?xml version="1.0" encoding="UTF-8"?>
<!-- Generated by org.testng.reporters.JUnitReportReporter -->
<testsuite hostname="shty-qc-wujj" name="so.sao.integration.basicData.Products" tests="5" failures="0" timestamp="13 Oct 2017 08:22:12 GMT" time="58.063" errors="0">
  <testcase name="stopAndawakenProduct" time="12.916" classname="so.sao.integration.basicData.Products"/>
  <testcase name="searchProduct" time="6.683" classname="so.sao.integration.basicData.Products"/>
  <testcase name="alterProduct" time="4.899" classname="so.sao.integration.basicData.Products"/>
  <testcase name="delProduct" time="4.196" classname="so.sao.integration.basicData.Products"/>
  <testcase name="newProduct" time="29.369" classname="so.sao.integration.basicData.Products"/>
</testsuite> <!-- so.sao.integration.basicData.Products -->
