<?xml version="1.0" encoding="UTF-8"?>
<!-- Generated by org.testng.reporters.JUnitReportReporter -->
<testsuite hostname="shty-qc-wujj" name="so.sao.integration.basicData.SalesRegion" tests="2" failures="0" timestamp="10 Oct 2017 08:08:49 GMT" time="9.374" errors="0">
  <testcase name="delSalesRegion" time="3.323" classname="so.sao.integration.basicData.SalesRegion"/>
  <testcase name="addSalesRegion" time="6.051" classname="so.sao.integration.basicData.SalesRegion"/>
</testsuite> <!-- so.sao.integration.basicData.SalesRegion -->
