<?xml version="1.0" encoding="UTF-8"?>
<!-- Generated by org.testng.reporters.JUnitReportReporter -->
<testsuite hostname="shty-qc-wujj" name="so.sao.integration.basicData.SalesRegion" tests="3" failures="0" timestamp="26 Oct 2017 08:52:59 GMT" time="49.911" errors="0">
  <testcase name="addSalesRegion" time="8.952" classname="so.sao.integration.basicData.SalesRegion"/>
  <testcase name="delSalesRegion" time="3.488" classname="so.sao.integration.basicData.SalesRegion"/>
  <testcase name="leadinSalesRegion" time="37.471" classname="so.sao.integration.basicData.SalesRegion"/>
</testsuite> <!-- so.sao.integration.basicData.SalesRegion -->
