<?xml version="1.0" encoding="UTF-8"?>
<!-- Generated by org.testng.reporters.JUnitReportReporter -->
<testsuite hostname="shty-qc-wujj" name="so.sao.integration.platformService.Roles" tests="2" failures="0" timestamp="10 Oct 2017 09:31:14 GMT" time="11.121" errors="0">
  <testcase name="delRole" time="3.207" classname="so.sao.integration.platformService.Roles"/>
  <testcase name="newRole" time="7.914" classname="so.sao.integration.platformService.Roles"/>
</testsuite> <!-- so.sao.integration.platformService.Roles -->
