<?xml version="1.0" encoding="UTF-8"?>
<!-- Generated by org.testng.reporters.JUnitReportReporter -->
<testsuite hostname="shty-qc-wujj" name="so.sao.integration.basicData.Distributors" tests="4" failures="0" timestamp="23 Oct 2017 08:48:13 GMT" time="61.115" errors="0">
  <testcase name="alterLeader" time="7.786" classname="so.sao.integration.basicData.Distributors"/>
  <testcase name="newLeader" time="12.559" classname="so.sao.integration.basicData.Distributors"/>
  <testcase name="delLeader" time="3.256" classname="so.sao.integration.basicData.Distributors"/>
  <testcase name="loadinLeader" time="37.514" classname="so.sao.integration.basicData.Distributors"/>
</testsuite> <!-- so.sao.integration.basicData.Distributors -->
