<?xml version="1.0" encoding="UTF-8"?>
<!-- Generated by org.testng.reporters.JUnitReportReporter -->
<testsuite hostname="shty-qc-wujj" name="so.sao.integration.basicData.Products" tests="6" failures="0" timestamp="2 Nov 2017 06:27:08 GMT" time="92.388" errors="0">
  <testcase name="newProduct" time="33.684" classname="so.sao.integration.basicData.Products"/>
  <testcase name="searchProduct" time="4.952" classname="so.sao.integration.basicData.Products"/>
  <testcase name="alterProduct" time="7.295" classname="so.sao.integration.basicData.Products"/>
  <testcase name="stopAndawakenProduct" time="12.758" classname="so.sao.integration.basicData.Products"/>
  <testcase name="leadinProduct" time="29.440" classname="so.sao.integration.basicData.Products"/>
  <testcase name="delProduct" time="4.259" classname="so.sao.integration.basicData.Products"/>
</testsuite> <!-- so.sao.integration.basicData.Products -->
