<?xml version="1.0" encoding="UTF-8"?>
<!-- Generated by org.testng.reporters.JUnitReportReporter -->
<testsuite hostname="shty-qc-wujj" name="so.sao.integration.basicData.DataDictionary" tests="2" failures="0" timestamp="11 Oct 2017 07:22:15 GMT" time="9.209" errors="0">
  <testcase name="delDataDictionary" time="3.222" classname="so.sao.integration.basicData.DataDictionary"/>
  <testcase name="newDataDictionary" time="5.987" classname="so.sao.integration.basicData.DataDictionary"/>
</testsuite> <!-- so.sao.integration.basicData.DataDictionary -->
