<?xml version="1.0" encoding="UTF-8"?>
<!-- Generated by org.testng.reporters.JUnitReportReporter -->
<testsuite hostname="shty-qc-wujj2" name="so.sao.integration.basicData.Company" tests="5" failures="0" timestamp="29 Nov 2017 08:04:52 GMT" time="63.018" errors="0">
  <testcase name="reviewAndawakenCompany" time="6.998" classname="so.sao.integration.basicData.Company"/>
  <testcase name="newCompany" time="36.357" classname="so.sao.integration.basicData.Company"/>
  <testcase name="stopCompany" time="2.166" classname="so.sao.integration.basicData.Company"/>
  <testcase name="alterCompany" time="12.819" classname="so.sao.integration.basicData.Company"/>
  <testcase name="delCompany" time="4.678" classname="so.sao.integration.basicData.Company"/>
</testsuite> <!-- so.sao.integration.basicData.Company -->
