<?xml version="1.0" encoding="UTF-8"?>
<!-- Generated by org.testng.reporters.JUnitReportReporter -->
<testsuite hostname="shty-qc-wujj" name="so.sao.integration.basicData.Company" tests="4" failures="0" timestamp="25 Oct 2017 03:46:10 GMT" time="57.591" errors="0">
  <testcase name="delCompany" time="9.036" classname="so.sao.integration.basicData.Company"/>
  <testcase name="newCompany" time="33.330" classname="so.sao.integration.basicData.Company"/>
  <testcase name="reviewAndawakenCompany" time="6.444" classname="so.sao.integration.basicData.Company"/>
  <testcase name="alterCompany" time="8.781" classname="so.sao.integration.basicData.Company"/>
</testsuite> <!-- so.sao.integration.basicData.Company -->
