<?xml version="1.0" encoding="UTF-8"?>
<!-- Generated by org.testng.reporters.JUnitReportReporter -->
<testsuite hostname="shty-qc-wujj" name="so.sao.integration.basicData.SalesRegion" tests="3" failures="0" timestamp="16 Oct 2017 09:09:40 GMT" time="42.105" errors="0">
  <testcase name="addSalesRegion" time="6.129" classname="so.sao.integration.basicData.SalesRegion"/>
  <testcase name="leadinSalesRegion" time="32.643" classname="so.sao.integration.basicData.SalesRegion"/>
  <testcase name="delSalesRegion" time="3.333" classname="so.sao.integration.basicData.SalesRegion"/>
</testsuite> <!-- so.sao.integration.basicData.SalesRegion -->
