<?xml version="1.0" encoding="UTF-8"?>
<!-- Generated by org.testng.reporters.JUnitReportReporter -->
<testsuite hostname="shty-qc-wujj" name="so.sao.integration.basicData.Products" tests="4" failures="0" timestamp="11 Oct 2017 07:14:13 GMT" time="30.806" errors="0">
  <testcase name="alterProduct" time="4.630" classname="so.sao.integration.basicData.Products"/>
  <testcase name="stopAndawakenProduct" time="12.875" classname="so.sao.integration.basicData.Products"/>
  <testcase name="delProduct" time="4.236" classname="so.sao.integration.basicData.Products"/>
  <testcase name="newProduct" time="9.065" classname="so.sao.integration.basicData.Products"/>
</testsuite> <!-- so.sao.integration.basicData.Products -->
