<?xml version="1.0" encoding="UTF-8"?>
<!-- Generated by org.testng.reporters.JUnitReportReporter -->
<testsuite hostname="shty-qc-wujj" name="so.sao.integration.basicData.SystemParameters" tests="4" failures="0" timestamp="2 Nov 2017 08:00:37 GMT" time="20.841" errors="0">
  <testcase name="alterSysPat" time="3.413" classname="so.sao.integration.basicData.SystemParameters"/>
  <testcase name="awakenSysPat" time="7.296" classname="so.sao.integration.basicData.SystemParameters"/>
  <testcase name="addSysPat" time="5.911" classname="so.sao.integration.basicData.SystemParameters"/>
  <testcase name="stopSysPat" time="4.221" classname="so.sao.integration.basicData.SystemParameters"/>
</testsuite> <!-- so.sao.integration.basicData.SystemParameters -->
