<?xml version="1.0" encoding="UTF-8"?>
<!-- Generated by org.testng.reporters.JUnitReportReporter -->
<testsuite hostname="shty-qc-wujj" name="so.sao.integration.basicData.Distributors" tests="4" failures="0" timestamp="11 Oct 2017 06:46:38 GMT" time="61.405" errors="0">
  <testcase name="delLeader" time="3.310" classname="so.sao.integration.basicData.Distributors"/>
  <testcase name="newLeader" time="12.361" classname="so.sao.integration.basicData.Distributors"/>
  <testcase name="alterLeader" time="7.538" classname="so.sao.integration.basicData.Distributors"/>
  <testcase name="loadin" time="38.196" classname="so.sao.integration.basicData.Distributors"/>
</testsuite> <!-- so.sao.integration.basicData.Distributors -->
