<?xml version="1.0" encoding="UTF-8"?>
<!-- Generated by org.testng.reporters.JUnitReportReporter -->
<testsuite hostname="shty-qc-wujj" name="so.sao.integration.basicData.DataDictionary" tests="2" failures="0" timestamp="10 Oct 2017 08:32:11 GMT" time="9.122" errors="0">
  <testcase name="newDataDictionary" time="5.872" classname="so.sao.integration.basicData.DataDictionary"/>
  <testcase name="delDataDictionary" time="3.250" classname="so.sao.integration.basicData.DataDictionary"/>
</testsuite> <!-- so.sao.integration.basicData.DataDictionary -->
