<?xml version="1.0" encoding="UTF-8"?>
<!-- Generated by org.testng.reporters.JUnitReportReporter -->
<testsuite hostname="shty-qc-wujj" name="so.sao.integration.basicData.Products" tests="5" failures="0" timestamp="19 Oct 2017 08:54:06 GMT" time="56.233" errors="0">
  <testcase name="searchProduct" time="5.010" classname="so.sao.integration.basicData.Products"/>
  <testcase name="alterProduct" time="4.981" classname="so.sao.integration.basicData.Products"/>
  <testcase name="delProduct" time="4.188" classname="so.sao.integration.basicData.Products"/>
  <testcase name="newProduct" time="29.259" classname="so.sao.integration.basicData.Products"/>
  <testcase name="stopAndawakenProduct" time="12.795" classname="so.sao.integration.basicData.Products"/>
</testsuite> <!-- so.sao.integration.basicData.Products -->
