<?xml version="1.0" encoding="UTF-8"?>
<!-- Generated by org.testng.reporters.JUnitReportReporter -->
<testsuite hostname="shty-qc-wujj2" name="so.sao.integration.platformService.Users" tests="5" failures="0" timestamp="1 Dec 2017 01:49:08 GMT" time="57.678" errors="0">
  <testcase name="resetUser" time="12.085" classname="so.sao.integration.platformService.Users"/>
  <testcase name="alterUser" time="3.785" classname="so.sao.integration.platformService.Users"/>
  <testcase name="newUser" time="26.976" classname="so.sao.integration.platformService.Users"/>
  <testcase name="awakenUser" time="9.438" classname="so.sao.integration.platformService.Users"/>
  <testcase name="stopUser" time="5.394" classname="so.sao.integration.platformService.Users"/>
</testsuite> <!-- so.sao.integration.platformService.Users -->
