<?xml version="1.0" encoding="UTF-8"?>
<!-- Generated by org.testng.reporters.JUnitReportReporter -->
<testsuite hostname="shty-qc-wujj" name="so.sao.integration.basicData.Company" tests="4" failures="0" timestamp="11 Oct 2017 07:11:51 GMT" time="27.168" errors="0">
  <testcase name="alterCompany" time="6.719" classname="so.sao.integration.basicData.Company"/>
  <testcase name="reviewAndawakenCompany" time="4.470" classname="so.sao.integration.basicData.Company"/>
  <testcase name="delCompany" time="7.137" classname="so.sao.integration.basicData.Company"/>
  <testcase name="newCompany" time="8.842" classname="so.sao.integration.basicData.Company"/>
</testsuite> <!-- so.sao.integration.basicData.Company -->
