<?xml version="1.0" encoding="UTF-8"?>
<!-- Generated by org.testng.reporters.JUnitReportReporter -->
<testsuite hostname="shty-qc-wujj" name="so.sao.integration.basicData.SalesRegion" tests="3" failures="0" timestamp="23 Oct 2017 09:01:24 GMT" time="46.910" errors="0">
  <testcase name="addSalesRegion" time="6.182" classname="so.sao.integration.basicData.SalesRegion"/>
  <testcase name="leadinSalesRegion" time="37.418" classname="so.sao.integration.basicData.SalesRegion"/>
  <testcase name="delSalesRegion" time="3.310" classname="so.sao.integration.basicData.SalesRegion"/>
</testsuite> <!-- so.sao.integration.basicData.SalesRegion -->
