<?xml version="1.0" encoding="UTF-8"?>
<!-- Generated by org.testng.reporters.JUnitReportReporter -->
<testsuite hostname="shty-qc-wujj" name="so.sao.integration.basicData.Company" tests="4" failures="0" timestamp="18 Oct 2017 03:24:42 GMT" time="35.196" errors="0">
  <testcase name="newCompany" time="10.572" classname="so.sao.integration.basicData.Company"/>
  <testcase name="reviewAndawakenCompany" time="6.428" classname="so.sao.integration.basicData.Company"/>
  <testcase name="alterCompany" time="8.826" classname="so.sao.integration.basicData.Company"/>
  <testcase name="delCompany" time="9.370" classname="so.sao.integration.basicData.Company"/>
</testsuite> <!-- so.sao.integration.basicData.Company -->
