<?xml version="1.0" encoding="UTF-8"?>
<!-- Generated by org.testng.reporters.JUnitReportReporter -->
<testsuite hostname="shty-qc-wujj" name="so.sao.integration.basicData.Company" tests="4" failures="0" timestamp="12 Oct 2017 05:57:40 GMT" time="27.065" errors="0">
  <testcase name="reviewAndawakenCompany" time="4.411" classname="so.sao.integration.basicData.Company"/>
  <testcase name="alterCompany" time="6.603" classname="so.sao.integration.basicData.Company"/>
  <testcase name="delCompany" time="7.690" classname="so.sao.integration.basicData.Company"/>
  <testcase name="newCompany" time="8.361" classname="so.sao.integration.basicData.Company"/>
</testsuite> <!-- so.sao.integration.basicData.Company -->
