<?xml version="1.0" encoding="UTF-8"?>
<!-- Generated by org.testng.reporters.JUnitReportReporter -->
<testsuite hostname="shty-qc-wujj" name="so.sao.integration.basicData.Company" tests="4" failures="0" timestamp="26 Oct 2017 09:48:27 GMT" time="49.248" errors="0">
  <testcase name="delCompany" time="7.038" classname="so.sao.integration.basicData.Company"/>
  <testcase name="newCompany" time="31.049" classname="so.sao.integration.basicData.Company"/>
  <testcase name="reviewAndawakenCompany" time="4.430" classname="so.sao.integration.basicData.Company"/>
  <testcase name="alterCompany" time="6.731" classname="so.sao.integration.basicData.Company"/>
</testsuite> <!-- so.sao.integration.basicData.Company -->
