<?xml version="1.0" encoding="UTF-8"?>
<!-- Generated by org.testng.reporters.JUnitReportReporter -->
<testsuite hostname="shty-qc-wujj" name="so.sao.integration.basicData.SalesRegion" tests="2" failures="0" timestamp="11 Oct 2017 07:20:08 GMT" time="9.312" errors="0">
  <testcase name="addSalesRegion" time="6.063" classname="so.sao.integration.basicData.SalesRegion"/>
  <testcase name="delSalesRegion" time="3.249" classname="so.sao.integration.basicData.SalesRegion"/>
</testsuite> <!-- so.sao.integration.basicData.SalesRegion -->
