<?xml version="1.0" encoding="UTF-8"?>
<!-- Generated by org.testng.reporters.JUnitReportReporter -->
<testsuite hostname="shty-qc-wujj" name="so.sao.integration.basicData.Company" tests="4" failures="0" timestamp="11 Oct 2017 02:52:30 GMT" time="26.750" errors="0">
  <testcase name="delCompany" time="7.325" classname="so.sao.integration.basicData.Company"/>
  <testcase name="alterCompany" time="6.654" classname="so.sao.integration.basicData.Company"/>
  <testcase name="newCompany" time="8.368" classname="so.sao.integration.basicData.Company"/>
  <testcase name="reviewAndAwakenCompany" time="4.403" classname="so.sao.integration.basicData.Company"/>
</testsuite> <!-- so.sao.integration.basicData.Company -->
