<?xml version="1.0" encoding="UTF-8"?>
<!-- Generated by org.testng.reporters.JUnitReportReporter -->
<testsuite hostname="shty-qc-wujj2" name="so.sao.integration.basicData.Distributors" tests="4" failures="0" timestamp="30 Nov 2017 02:05:18 GMT" time="67.508" errors="0">
  <testcase name="delLeader" time="3.347" classname="so.sao.integration.basicData.Distributors"/>
  <testcase name="loadin" time="37.713" classname="so.sao.integration.basicData.Distributors"/>
  <testcase name="newLeader" time="18.812" classname="so.sao.integration.basicData.Distributors"/>
  <testcase name="alterLeader" time="7.636" classname="so.sao.integration.basicData.Distributors"/>
</testsuite> <!-- so.sao.integration.basicData.Distributors -->
