<?xml version="1.0" encoding="UTF-8"?>
<!-- Generated by org.testng.reporters.JUnitReportReporter -->
<testsuite hostname="shty-qc-wujj" name="so.sao.integration.basicData.DataDictionary" tests="2" failures="0" timestamp="23 Oct 2017 08:41:38 GMT" time="9.363" errors="0">
  <testcase name="delDataDictionary" time="3.226" classname="so.sao.integration.basicData.DataDictionary"/>
  <testcase name="newDataDictionary" time="6.137" classname="so.sao.integration.basicData.DataDictionary"/>
</testsuite> <!-- so.sao.integration.basicData.DataDictionary -->
