<?xml version="1.0" encoding="UTF-8"?>
<!-- Generated by org.testng.reporters.JUnitReportReporter -->
<testsuite hostname="shty-qc-wujj" name="so.sao.integration.basicData.Distributors" tests="4" failures="0" timestamp="11 Oct 2017 07:18:57 GMT" time="60.813" errors="0">
  <testcase name="newLeader" time="12.573" classname="so.sao.integration.basicData.Distributors"/>
  <testcase name="loadin" time="37.539" classname="so.sao.integration.basicData.Distributors"/>
  <testcase name="alterLeader" time="7.424" classname="so.sao.integration.basicData.Distributors"/>
  <testcase name="delLeader" time="3.277" classname="so.sao.integration.basicData.Distributors"/>
</testsuite> <!-- so.sao.integration.basicData.Distributors -->
