<?xml version="1.0" encoding="UTF-8"?>
<!-- Generated by org.testng.reporters.JUnitReportReporter -->
<testsuite hostname="shty-qc-wujj" name="so.sao.integration.basicData.Company" tests="4" failures="0" timestamp="13 Oct 2017 02:50:34 GMT" time="51.175" errors="0">
  <testcase name="reviewAndawakenCompany" time="4.394" classname="so.sao.integration.basicData.Company"/>
  <testcase name="newCompany" time="32.542" classname="so.sao.integration.basicData.Company"/>
  <testcase name="alterCompany" time="6.682" classname="so.sao.integration.basicData.Company"/>
  <testcase name="delCompany" time="7.557" classname="so.sao.integration.basicData.Company"/>
</testsuite> <!-- so.sao.integration.basicData.Company -->
