<?xml version="1.0" encoding="UTF-8"?>
<!-- Generated by org.testng.reporters.JUnitReportReporter -->
<testsuite hostname="shty-qc-wujj" name="so.sao.integration.basicData.Factories" tests="2" failures="0" timestamp="10 Oct 2017 06:06:48 GMT" time="14.126" errors="0">
  <testcase name="delFactory" time="4.231" classname="so.sao.integration.basicData.Factories"/>
  <testcase name="addFactory" time="9.895" classname="so.sao.integration.basicData.Factories"/>
</testsuite> <!-- so.sao.integration.basicData.Factories -->
