<?xml version="1.0" encoding="UTF-8"?>
<!-- Generated by org.testng.reporters.JUnitReportReporter -->
<testsuite hostname="shty-qc-wujj" name="so.sao.integration.basicData.Distributors" tests="4" failures="0" timestamp="2 Nov 2017 01:10:03 GMT" time="61.418" errors="0">
  <testcase name="newLeader" time="13.168" classname="so.sao.integration.basicData.Distributors"/>
  <testcase name="delLeader" time="3.216" classname="so.sao.integration.basicData.Distributors"/>
  <testcase name="loadin" time="37.576" classname="so.sao.integration.basicData.Distributors"/>
  <testcase name="alterLeader" time="7.458" classname="so.sao.integration.basicData.Distributors"/>
</testsuite> <!-- so.sao.integration.basicData.Distributors -->
