<?xml version="1.0" encoding="UTF-8"?>
<!-- Generated by org.testng.reporters.JUnitReportReporter -->
<testsuite hostname="shty-qc-wujj" name="so.sao.integration.platformService.Roles" tests="3" failures="0" timestamp="25 Oct 2017 05:55:43 GMT" time="31.232" errors="0">
  <testcase name="delRole" time="5.240" classname="so.sao.integration.platformService.Roles"/>
  <testcase name="alterRole" time="16.641" classname="so.sao.integration.platformService.Roles"/>
  <testcase name="newRole" time="9.351" classname="so.sao.integration.platformService.Roles"/>
</testsuite> <!-- so.sao.integration.platformService.Roles -->
