<?xml version="1.0" encoding="UTF-8"?>
<!-- Generated by org.testng.reporters.JUnitReportReporter -->
<testsuite hostname="shty-qc-wujj" name="so.sao.integration.basicData.Company" tests="4" failures="0" timestamp="17 Oct 2017 01:49:59 GMT" time="57.865" errors="0">
  <testcase name="alterCompany" time="8.594" classname="so.sao.integration.basicData.Company"/>
  <testcase name="delCompany" time="9.459" classname="so.sao.integration.basicData.Company"/>
  <testcase name="reviewAndawakenCompany" time="6.435" classname="so.sao.integration.basicData.Company"/>
  <testcase name="newCompany" time="33.377" classname="so.sao.integration.basicData.Company"/>
</testsuite> <!-- so.sao.integration.basicData.Company -->
