<?xml version="1.0" encoding="UTF-8"?>
<!-- Generated by org.testng.reporters.JUnitReportReporter -->
<testsuite hostname="shty-qc-wujj" name="so.sao.integration.platformService.Users" tests="5" failures="0" timestamp="2 Nov 2017 06:57:01 GMT" time="35.055" errors="0">
  <testcase name="stopUser" time="4.259" classname="so.sao.integration.platformService.Users"/>
  <testcase name="alterUser" time="3.625" classname="so.sao.integration.platformService.Users"/>
  <testcase name="awakenUser" time="6.348" classname="so.sao.integration.platformService.Users"/>
  <testcase name="resetUser" time="8.765" classname="so.sao.integration.platformService.Users"/>
  <testcase name="newUser" time="12.058" classname="so.sao.integration.platformService.Users"/>
</testsuite> <!-- so.sao.integration.platformService.Users -->
