<?xml version="1.0" encoding="UTF-8"?>
<!-- Generated by org.testng.reporters.JUnitReportReporter -->
<testsuite hostname="shty-qc-wujj" name="so.sao.integration.basicData.Distributors" tests="2" failures="0" timestamp="10 Oct 2017 06:40:13 GMT" time="13.759" errors="0">
  <testcase name="delLeader" time="3.344" classname="so.sao.integration.basicData.Distributors"/>
  <testcase name="newLeader" time="10.415" classname="so.sao.integration.basicData.Distributors"/>
</testsuite> <!-- so.sao.integration.basicData.Distributors -->
