<?xml version="1.0" encoding="UTF-8"?>
<!-- Generated by org.testng.reporters.JUnitReportReporter -->
<testsuite hostname="shty-qc-wujj" name="so.sao.integration.basicData.Products" tests="2" failures="0" timestamp="10 Oct 2017 06:05:55 GMT" time="10.755" errors="0">
  <testcase name="newProduct" time="6.409" classname="so.sao.integration.basicData.Products"/>
  <testcase name="delProduct" time="4.346" classname="so.sao.integration.basicData.Products"/>
</testsuite> <!-- so.sao.integration.basicData.Products -->
