<?xml version="1.0" encoding="UTF-8"?>
<!-- Generated by org.testng.reporters.JUnitReportReporter -->
<testsuite hostname="shty-qc-wujj" name="so.sao.integration.platformService.Roles" tests="3" failures="0" timestamp="16 Oct 2017 09:57:15 GMT" time="22.444" errors="0">
  <testcase name="delRole" time="3.310" classname="so.sao.integration.platformService.Roles"/>
  <testcase name="newRole" time="7.860" classname="so.sao.integration.platformService.Roles"/>
  <testcase name="alterRole" time="11.274" classname="so.sao.integration.platformService.Roles"/>
</testsuite> <!-- so.sao.integration.platformService.Roles -->
