<?xml version="1.0" encoding="UTF-8"?>
<!-- Generated by org.testng.reporters.JUnitReportReporter -->
<testsuite hostname="shty-qc-wujj" name="so.sao.integration.basicData.Factories" tests="5" failures="0" timestamp="2 Nov 2017 06:05:27 GMT" time="43.831" errors="0">
  <testcase name="addFactory" time="9.963" classname="so.sao.integration.basicData.Factories"/>
  <testcase name="alterFactory" time="11.756" classname="so.sao.integration.basicData.Factories"/>
  <testcase name="searchFactory" time="5.070" classname="so.sao.integration.basicData.Factories"/>
  <testcase name="stopAndawakenFactory" time="12.775" classname="so.sao.integration.basicData.Factories"/>
  <testcase name="delFactory" time="4.267" classname="so.sao.integration.basicData.Factories"/>
</testsuite> <!-- so.sao.integration.basicData.Factories -->
