<?xml version="1.0" encoding="UTF-8"?>
<!-- Generated by org.testng.reporters.JUnitReportReporter -->
<testsuite hostname="shty-qc-wujj" name="so.sao.integration.platformService.Users" tests="4" failures="0" timestamp="26 Oct 2017 10:00:15 GMT" time="28.247" errors="0">
  <testcase name="newUser" time="12.941" classname="so.sao.integration.platformService.Users"/>
  <testcase name="resetUser" time="5.444" classname="so.sao.integration.platformService.Users"/>
  <testcase name="stopUser" time="4.225" classname="so.sao.integration.platformService.Users"/>
  <testcase name="alterUser" time="5.637" classname="so.sao.integration.platformService.Users"/>
</testsuite> <!-- so.sao.integration.platformService.Users -->
