<?xml version="1.0" encoding="UTF-8"?>
<!-- Generated by org.testng.reporters.JUnitReportReporter -->
<testsuite hostname="shty-qc-wujj" name="so.sao.integration.basicData.Company" tests="4" failures="0" timestamp="19 Oct 2017 01:23:15 GMT" time="35.188" errors="0">
  <testcase name="reviewAndawakenCompany" time="6.451" classname="so.sao.integration.basicData.Company"/>
  <testcase name="alterCompany" time="8.805" classname="so.sao.integration.basicData.Company"/>
  <testcase name="newCompany" time="10.574" classname="so.sao.integration.basicData.Company"/>
  <testcase name="delCompany" time="9.358" classname="so.sao.integration.basicData.Company"/>
</testsuite> <!-- so.sao.integration.basicData.Company -->
