<?xml version="1.0" encoding="UTF-8"?>
<!-- Generated by org.testng.reporters.JUnitReportReporter -->
<testsuite hostname="shty-qc-wujj" name="so.sao.integration.platformService.Users" tests="4" failures="0" timestamp="11 Oct 2017 02:21:20 GMT" time="27.678" errors="0">
  <testcase name="alterUser" time="5.456" classname="so.sao.integration.platformService.Users"/>
  <testcase name="newUser" time="12.531" classname="so.sao.integration.platformService.Users"/>
  <testcase name="resetUser" time="5.398" classname="so.sao.integration.platformService.Users"/>
  <testcase name="stopUser" time="4.293" classname="so.sao.integration.platformService.Users"/>
</testsuite> <!-- so.sao.integration.platformService.Users -->
