<?xml version="1.0" encoding="UTF-8"?>
<!-- Generated by org.testng.reporters.JUnitReportReporter -->
<testsuite hostname="shty-qc-wujj" name="so.sao.integration.platformService.Roles" tests="3" failures="0" timestamp="26 Oct 2017 09:55:16 GMT" time="21.226" errors="0">
  <testcase name="delRole" time="3.226" classname="so.sao.integration.platformService.Roles"/>
  <testcase name="alterRole" time="10.780" classname="so.sao.integration.platformService.Roles"/>
  <testcase name="newRole" time="7.220" classname="so.sao.integration.platformService.Roles"/>
</testsuite> <!-- so.sao.integration.platformService.Roles -->
