<?xml version="1.0" encoding="UTF-8"?>
<!-- Generated by org.testng.reporters.JUnitReportReporter -->
<testsuite hostname="shty-qc-wujj2" name="so.sao.integration.basicData.Products" tests="6" failures="0" timestamp="30 Nov 2017 01:52:47 GMT" time="110.681" errors="0">
  <testcase name="delProduct" time="4.302" classname="so.sao.integration.basicData.Products"/>
  <testcase name="stopAndawakenProduct" time="15.702" classname="so.sao.integration.basicData.Products"/>
  <testcase name="leadinProduct" time="29.562" classname="so.sao.integration.basicData.Products"/>
  <testcase name="searchProduct" time="4.963" classname="so.sao.integration.basicData.Products"/>
  <testcase name="alterProduct" time="7.822" classname="so.sao.integration.basicData.Products"/>
  <testcase name="newProduct" time="48.330" classname="so.sao.integration.basicData.Products"/>
</testsuite> <!-- so.sao.integration.basicData.Products -->
