<?xml version="1.0" encoding="UTF-8"?>
<!-- Generated by org.testng.reporters.JUnitReportReporter -->
<testsuite hostname="shty-qc-wujj" name="so.sao.integration.basicData.Factories" tests="4" failures="0" timestamp="11 Oct 2017 07:13:01 GMT" time="32.311" errors="0">
  <testcase name="delFactory" time="4.243" classname="so.sao.integration.basicData.Factories"/>
  <testcase name="stopAndawakenFactory" time="12.894" classname="so.sao.integration.basicData.Factories"/>
  <testcase name="alterFactory" time="5.289" classname="so.sao.integration.basicData.Factories"/>
  <testcase name="addFactory" time="9.885" classname="so.sao.integration.basicData.Factories"/>
</testsuite> <!-- so.sao.integration.basicData.Factories -->
