<?xml version="1.0" encoding="UTF-8"?>
<!-- Generated by org.testng.reporters.JUnitReportReporter -->
<testsuite hostname="shty-qc-wujj2" name="so.sao.integration.basicData.SalesRegion" tests="4" failures="0" timestamp="30 Nov 2017 03:26:06 GMT" time="44.165" errors="0">
  <testcase name="addSalesRegion" time="24.882" classname="so.sao.integration.basicData.SalesRegion"/>
  <testcase name="alterSalesRegion" time="4.940" classname="so.sao.integration.basicData.SalesRegion"/>
  <testcase name="delSalesRegion" time="3.616" classname="so.sao.integration.basicData.SalesRegion"/>
  <testcase name="awakenAndStop" time="10.727" classname="so.sao.integration.basicData.SalesRegion"/>
</testsuite> <!-- so.sao.integration.basicData.SalesRegion -->
