<?xml version="1.0" encoding="UTF-8"?>
<!-- Generated by org.testng.reporters.JUnitReportReporter -->
<testsuite hostname="shty-qc-wujj" name="so.sao.integration.basicData.SalesRegion" tests="1" failures="0" timestamp="11 Oct 2017 06:22:41 GMT" time="6.080" errors="0">
  <testcase name="addSalesRegion" time="6.080" classname="so.sao.integration.basicData.SalesRegion"/>
</testsuite> <!-- so.sao.integration.basicData.SalesRegion -->
