<?xml version="1.0" encoding="UTF-8"?>
<!-- Generated by org.testng.reporters.JUnitReportReporter -->
<testsuite hostname="shty-qc-wujj" name="so.sao.integration.basicData.DataDictionary" tests="2" failures="0" timestamp="23 Oct 2017 08:57:41 GMT" time="9.391" errors="0">
  <testcase name="newDataDictionary" time="6.148" classname="so.sao.integration.basicData.DataDictionary"/>
  <testcase name="delDataDictionary" time="3.243" classname="so.sao.integration.basicData.DataDictionary"/>
</testsuite> <!-- so.sao.integration.basicData.DataDictionary -->
