<?xml version="1.0" encoding="UTF-8"?>
<!-- Generated by org.testng.reporters.JUnitReportReporter -->
<testsuite hostname="shty-qc-wujj" name="so.sao.integration.basicData.Factories" tests="5" failures="0" timestamp="12 Oct 2017 09:43:20 GMT" time="43.397" errors="0">
  <testcase name="addFactory" time="9.775" classname="so.sao.integration.basicData.Factories"/>
  <testcase name="alterFactory" time="11.533" classname="so.sao.integration.basicData.Factories"/>
  <testcase name="delFactory" time="4.196" classname="so.sao.integration.basicData.Factories"/>
  <testcase name="searchFactory" time="5.020" classname="so.sao.integration.basicData.Factories"/>
  <testcase name="stopAndawakenFactory" time="12.873" classname="so.sao.integration.basicData.Factories"/>
</testsuite> <!-- so.sao.integration.basicData.Factories -->
