<?xml version="1.0" encoding="UTF-8"?>
<!-- Generated by org.testng.reporters.JUnitReportReporter -->
<testsuite hostname="shty-qc-wujj" name="so.sao.integration.basicData.tt" tests="1" failures="0" timestamp="13 Oct 2017 07:59:07 GMT" time="11.122" errors="0">
  <testcase name="newProduct" time="11.122" classname="so.sao.integration.basicData.tt"/>
</testsuite> <!-- so.sao.integration.basicData.tt -->
