<?xml version="1.0" encoding="UTF-8"?>
<!-- Generated by org.testng.reporters.JUnitReportReporter -->
<testsuite hostname="shty-qc-wujj" name="so.sao.integration.basicData.Products" tests="4" failures="0" timestamp="11 Oct 2017 05:36:22 GMT" time="30.461" errors="0">
  <testcase name="alterProduct" time="4.642" classname="so.sao.integration.basicData.Products"/>
  <testcase name="newProduct" time="8.443" classname="so.sao.integration.basicData.Products"/>
  <testcase name="stopAndawakenProduct" time="13.152" classname="so.sao.integration.basicData.Products"/>
  <testcase name="delProduct" time="4.224" classname="so.sao.integration.basicData.Products"/>
</testsuite> <!-- so.sao.integration.basicData.Products -->
