<?xml version="1.0" encoding="UTF-8"?>
<!-- Generated by org.testng.reporters.JUnitReportReporter -->
<testsuite hostname="shty-qc-wujj2" name="so.sao.integration.basicData.Factories" tests="5" failures="0" timestamp="29 Nov 2017 08:40:29 GMT" time="49.757" errors="0">
  <testcase name="searchFactory" time="4.722" classname="so.sao.integration.basicData.Factories"/>
  <testcase name="stopAndawakenFactory" time="13.298" classname="so.sao.integration.basicData.Factories"/>
  <testcase name="alterFactory" time="12.112" classname="so.sao.integration.basicData.Factories"/>
  <testcase name="delFactory" time="4.320" classname="so.sao.integration.basicData.Factories"/>
  <testcase name="addFactory" time="15.305" classname="so.sao.integration.basicData.Factories"/>
</testsuite> <!-- so.sao.integration.basicData.Factories -->
