<?xml version="1.0" encoding="UTF-8"?>
<!-- Generated by org.testng.reporters.JUnitReportReporter -->
<testsuite hostname="shty-qc-wujj" name="so.sao.integration.basicData.Products" tests="5" failures="0" timestamp="12 Oct 2017 09:37:10 GMT" time="37.385" errors="0">
  <testcase name="newProduct" time="10.357" classname="so.sao.integration.basicData.Products"/>
  <testcase name="stopAndawakenProduct" time="12.907" classname="so.sao.integration.basicData.Products"/>
  <testcase name="searchProduct" time="5.006" classname="so.sao.integration.basicData.Products"/>
  <testcase name="delProduct" time="4.227" classname="so.sao.integration.basicData.Products"/>
  <testcase name="alterProduct" time="4.888" classname="so.sao.integration.basicData.Products"/>
</testsuite> <!-- so.sao.integration.basicData.Products -->
