<?xml version="1.0" encoding="UTF-8"?>
<!-- Generated by org.testng.reporters.JUnitReportReporter -->
<testsuite hostname="shty-qc-wujj" name="so.sao.integration.platformService.Roles" tests="3" failures="0" timestamp="25 Oct 2017 07:43:03 GMT" time="36.733" errors="0">
  <testcase name="delRole" time="4.244" classname="so.sao.integration.platformService.Roles"/>
  <testcase name="newRole" time="15.862" classname="so.sao.integration.platformService.Roles"/>
  <testcase name="alterRole" time="16.627" classname="so.sao.integration.platformService.Roles"/>
</testsuite> <!-- so.sao.integration.platformService.Roles -->
