<?xml version="1.0" encoding="UTF-8"?>
<!-- Generated by org.testng.reporters.JUnitReportReporter -->
<testsuite hostname="shty-qc-wujj" name="so.sao.integration.platformService.Roles" tests="3" failures="0" timestamp="12 Oct 2017 07:43:30 GMT" time="22.207" errors="0">
  <testcase name="alterRole" time="11.018" classname="so.sao.integration.platformService.Roles"/>
  <testcase name="newRole" time="7.888" classname="so.sao.integration.platformService.Roles"/>
  <testcase name="delRole" time="3.301" classname="so.sao.integration.platformService.Roles"/>
</testsuite> <!-- so.sao.integration.platformService.Roles -->
