<?xml version="1.0" encoding="UTF-8"?>
<!-- Generated by org.testng.reporters.JUnitReportReporter -->
<testsuite hostname="shty-qc-wujj2" name="so.sao.integration.platformService.Roles" tests="3" failures="0" timestamp="1 Dec 2017 01:47:54 GMT" time="39.466" errors="0">
  <testcase name="alterRole" time="9.798" classname="so.sao.integration.platformService.Roles"/>
  <testcase name="newRole" time="23.347" classname="so.sao.integration.platformService.Roles"/>
  <testcase name="delRole" time="6.321" classname="so.sao.integration.platformService.Roles"/>
</testsuite> <!-- so.sao.integration.platformService.Roles -->
