<?xml version="1.0" encoding="UTF-8"?>
<!-- Generated by org.testng.reporters.JUnitReportReporter -->
<testsuite hostname="shty-qc-wujj" name="so.sao.integration.basicData.Factories" tests="4" failures="0" timestamp="11 Oct 2017 03:10:43 GMT" time="42.522" errors="0">
  <testcase name="addFactory" time="9.796" classname="so.sao.integration.basicData.Factories"/>
  <testcase name="alterFactory" time="5.326" classname="so.sao.integration.basicData.Factories"/>
  <testcase name="delFactory" time="4.203" classname="so.sao.integration.basicData.Factories"/>
  <testcase name="stopAndawakenFactory" time="23.197" classname="so.sao.integration.basicData.Factories"/>
</testsuite> <!-- so.sao.integration.basicData.Factories -->
