<?xml version="1.0" encoding="UTF-8"?>
<!-- Generated by org.testng.reporters.JUnitReportReporter -->
<testsuite hostname="shty-qc-wujj" name="so.sao.integration.basicData.Distributors" tests="4" failures="0" timestamp="26 Oct 2017 08:17:02 GMT" time="67.619" errors="0">
  <testcase name="loadinLeader" time="39.450" classname="so.sao.integration.basicData.Distributors"/>
  <testcase name="alterLeader" time="7.522" classname="so.sao.integration.basicData.Distributors"/>
  <testcase name="newLeader" time="15.362" classname="so.sao.integration.basicData.Distributors"/>
  <testcase name="delLeader" time="5.285" classname="so.sao.integration.basicData.Distributors"/>
</testsuite> <!-- so.sao.integration.basicData.Distributors -->
