<?xml version="1.0" encoding="UTF-8"?>
<!-- Generated by org.testng.reporters.JUnitReportReporter -->
<testsuite hostname="shty-qc-wujj" name="so.sao.integration.basicData.Products" tests="6" failures="0" timestamp="26 Oct 2017 09:54:11 GMT" time="86.925" errors="0">
  <testcase name="leadinProduct" time="29.290" classname="so.sao.integration.basicData.Products"/>
  <testcase name="searchProduct" time="4.853" classname="so.sao.integration.basicData.Products"/>
  <testcase name="delProduct" time="4.255" classname="so.sao.integration.basicData.Products"/>
  <testcase name="stopAndawakenProduct" time="12.799" classname="so.sao.integration.basicData.Products"/>
  <testcase name="alterProduct" time="4.766" classname="so.sao.integration.basicData.Products"/>
  <testcase name="newProduct" time="30.962" classname="so.sao.integration.basicData.Products"/>
</testsuite> <!-- so.sao.integration.basicData.Products -->
