<?xml version="1.0" encoding="UTF-8"?>
<!-- Generated by org.testng.reporters.JUnitReportReporter -->
<testsuite hostname="shty-qc-wujj" name="so.sao.integration.basicData.Products" tests="5" failures="0" timestamp="16 Oct 2017 09:08:28 GMT" time="56.922" errors="0">
  <testcase name="stopAndawakenProduct" time="13.046" classname="so.sao.integration.basicData.Products"/>
  <testcase name="searchProduct" time="5.199" classname="so.sao.integration.basicData.Products"/>
  <testcase name="newProduct" time="29.456" classname="so.sao.integration.basicData.Products"/>
  <testcase name="delProduct" time="4.237" classname="so.sao.integration.basicData.Products"/>
  <testcase name="alterProduct" time="4.984" classname="so.sao.integration.basicData.Products"/>
</testsuite> <!-- so.sao.integration.basicData.Products -->
