<?xml version="1.0" encoding="UTF-8"?>
<!-- Generated by org.testng.reporters.JUnitReportReporter -->
<testsuite hostname="shty-qc-wujj2" name="so.sao.integration.basicData.SystemParameters" tests="4" failures="0" timestamp="30 Nov 2017 02:31:32 GMT" time="27.241" errors="0">
  <testcase name="alterSysPat" time="3.637" classname="so.sao.integration.basicData.SystemParameters"/>
  <testcase name="awakenSysPat" time="7.484" classname="so.sao.integration.basicData.SystemParameters"/>
  <testcase name="stopSysPat" time="4.346" classname="so.sao.integration.basicData.SystemParameters"/>
  <testcase name="addSysPat" time="11.774" classname="so.sao.integration.basicData.SystemParameters"/>
</testsuite> <!-- so.sao.integration.basicData.SystemParameters -->
