<?xml version="1.0" encoding="UTF-8"?>
<!-- Generated by org.testng.reporters.JUnitReportReporter -->
<testsuite hostname="shty-qc-wujj" name="so.sao.integration.common.test" tests="1" failures="0" timestamp="16 Oct 2017 03:22:53 GMT" time="1.539" errors="0">
  <testcase name="test" time="1.539" classname="so.sao.integration.common.test"/>
</testsuite> <!-- so.sao.integration.common.test -->
