<?xml version="1.0" encoding="UTF-8"?>
<!-- Generated by org.testng.reporters.JUnitReportReporter -->
<testsuite hostname="shty-qc-wujj" name="so.sao.integration.basicData.SalesRegion" tests="4" failures="0" timestamp="2 Nov 2017 06:50:21 GMT" time="27.602" errors="0">
  <testcase name="addSalesRegion" time="7.869" classname="so.sao.integration.basicData.SalesRegion"/>
  <testcase name="awakenAndStop" time="10.599" classname="so.sao.integration.basicData.SalesRegion"/>
  <testcase name="alterSalesRegion" time="5.588" classname="so.sao.integration.basicData.SalesRegion"/>
  <testcase name="delSalesRegion" time="3.546" classname="so.sao.integration.basicData.SalesRegion"/>
</testsuite> <!-- so.sao.integration.basicData.SalesRegion -->
