<?xml version="1.0" encoding="UTF-8"?>
<!-- Generated by org.testng.reporters.JUnitReportReporter -->
<testsuite hostname="shty-qc-wujj" name="so.sao.integration.basicData.Products" tests="5" failures="0" timestamp="12 Oct 2017 08:35:58 GMT" time="62.392" errors="0">
  <testcase name="leadinProduct" time="29.792" classname="so.sao.integration.basicData.Products"/>
  <testcase name="stopAndawakenProduct" time="13.000" classname="so.sao.integration.basicData.Products"/>
  <testcase name="newProduct" time="10.536" classname="so.sao.integration.basicData.Products"/>
  <testcase name="alterProduct" time="4.825" classname="so.sao.integration.basicData.Products"/>
  <testcase name="delProduct" time="4.239" classname="so.sao.integration.basicData.Products"/>
</testsuite> <!-- so.sao.integration.basicData.Products -->
