<?xml version="1.0" encoding="UTF-8"?>
<!-- Generated by org.testng.reporters.JUnitReportReporter -->
<testsuite hostname="shty-qc-wujj" name="so.sao.integration.basicData.Company" tests="5" failures="0" timestamp="2 Nov 2017 06:00:09 GMT" time="34.543" errors="0">
  <testcase name="newCompany" time="11.299" classname="so.sao.integration.basicData.Company"/>
  <testcase name="delCompany" time="7.205" classname="so.sao.integration.basicData.Company"/>
  <testcase name="reviewAndawakenCompany" time="4.515" classname="so.sao.integration.basicData.Company"/>
  <testcase name="stopCompany" time="2.200" classname="so.sao.integration.basicData.Company"/>
  <testcase name="alterCompany" time="9.324" classname="so.sao.integration.basicData.Company"/>
</testsuite> <!-- so.sao.integration.basicData.Company -->
